<?xml version="1.0" encoding="UTF-8"?>
<!-- Generated by org.testng.reporters.JUnitXMLReporter -->
<testsuite ignored="6" hostname="MacBook-Air-2" failures="1" tests="10" name="Surefire test" time="5.245" errors="0" timestamp="2022-04-04T16:43:59 MSK">
  <testcase classname="TestRubberDucks" name="sortName" time="0.974"/>
  <testcase classname="TestRubberDucks" name="sortPrice" time="0.328"/>
  <testcase classname="TestHomePage" name="goToDeliveryInfo" time="0.157"/>
  <testcase classname="TestHomePage" name="goToHome" time="0.174"/>
  <testcase classname="TestHomePage" name="goToRubberDucks" time="0.15"/>
  <testcase classname="TestHomePage" name="goToSubcategory" time="0.38">
    <failure type="java.lang.AssertionError" message="null">
      <![CDATA[java.lang.AssertionError: null
at TestHomePage.goToSubcategory(TestHomePage.java:65)
at java.base/java.util.ArrayList.forEach(ArrayList.java:1511)
... Removed 31 stack frames]]>
    </failure>
  </testcase> <!-- goToSubcategory -->
  <testcase classname="TestHomePage" name="goToTermsConditions" time="0.139"/>
  <testcase classname="TestSubcategory" name="checkGreenDuckLabel" time="0.346"/>
  <testcase classname="TestSubcategory" name="checkPinkDuckLabelCheck" time="0.3"/>
  <testcase classname="TestSubcategory" name="checkYellowDuckLabel" time="0.302"/>
  <testcase classname="TestBase" name="@BeforeTest setup" time="0.0">
    <ignored/>
  </testcase> <!-- @BeforeTest setup -->
  <testcase classname="TestBase" name="@BeforeTest setup" time="0.0">
    <ignored/>
  </testcase> <!-- @BeforeTest setup -->
  <testcase classname="TestBase" name="@AfterTest tearDown" time="0.0">
    <ignored/>
  </testcase> <!-- @AfterTest tearDown -->
  <testcase classname="TestBase" name="@AfterTest tearDown" time="0.0">
    <ignored/>
  </testcase> <!-- @AfterTest tearDown -->
  <testcase classname="TestBase" name="@BeforeTest setup" time="0.0">
    <ignored/>
  </testcase> <!-- @BeforeTest setup -->
  <testcase classname="TestBase" name="@AfterTest tearDown" time="0.0">
    <ignored/>
  </testcase> <!-- @AfterTest tearDown -->
</testsuite> <!-- Surefire test -->
